# JRE version: OpenJDK Runtime Environment (21.0.5) (build 21.0.5+-13047016-b750.29)
# Java VM: OpenJDK 64-Bit Server VM (21.0.5+-13047016-b750.29, mixed mode, tiered, compressed oops, compressed class ptrs, g1 gc, windows-amd64)
GC Precious Log:
 CardTable entry size: 512
 Card Set container configuration: InlinePtr #cards 5 size 8 Array Of Cards #cards 12 size 40 Howl #buckets 4 coarsen threshold 1843 Howl Bitmap #cards 512 size 80 coarsen threshold 460 Card regions per heap region 1 cards per card region 2048
 CPUs: 8 total, 8 available
 Memory: 7883M
 Large Page Support: Disabled
 NUMA Support: Disabled
 Compressed Oops: Enabled (32-bit)
 Heap Region Size: 1M
 Heap Min Capacity: 8M
 Heap Initial Capacity: 124M
 Heap Max Capacity: 2G
 Pre-touch: Disabled
 Parallel Workers: 8
 Concurrent Workers: 2
 Concurrent Refinement Workers: 8
 Periodic GC: Disabled
Heap:
 garbage-first heap   total 211968K, used 183667K [0x0000000080000000, 0x0000000100000000)
  region size 1024K, 53 young (54272K), 3 survivors (3072K)
 Metaspace       used 103899K, committed 106176K, reserved 1179648K
  class space    used 14200K, committed 15360K, reserved 1048576K
GC Heap History (20 events):
Event: 7.233 GC heap before
{Heap before GC invocations=19 (full 0):
 garbage-first heap   total 147456K, used 130436K [0x0000000080000000, 0x0000000100000000)
  region size 1024K, 53 young (54272K), 7 survivors (7168K)
 Metaspace       used 73106K, committed 74944K, reserved 1114112K
  class space    used 9945K, committed 10880K, reserved 1048576K
}
Event: 7.241 GC heap after
{Heap after GC invocations=20 (full 0):
 garbage-first heap   total 147456K, used 88785K [0x0000000080000000, 0x0000000100000000)
  region size 1024K, 6 young (6144K), 6 survivors (6144K)
 Metaspace       used 73106K, committed 74944K, reserved 1114112K
  class space    used 9945K, committed 10880K, reserved 1048576K
}
Event: 7.393 GC heap before
{Heap before GC invocations=20 (full 0):
 garbage-first heap   total 147456K, used 131793K [0x0000000080000000, 0x0000000100000000)
  region size 1024K, 49 young (50176K), 6 survivors (6144K)
 Metaspace       used 73317K, committed 75200K, reserved 1114112K
  class space    used 9946K, committed 10880K, reserved 1048576K
}
Event: 7.397 GC heap after
{Heap after GC invocations=21 (full 0):
 garbage-first heap   total 147456K, used 90386K [0x0000000080000000, 0x0000000100000000)
  region size 1024K, 4 young (4096K), 4 survivors (4096K)
 Metaspace       used 73317K, committed 75200K, reserved 1114112K
  class space    used 9946K, committed 10880K, reserved 1048576K
}
Event: 7.587 GC heap before
{Heap before GC invocations=22 (full 0):
 garbage-first heap   total 152576K, used 133394K [0x0000000080000000, 0x0000000100000000)
  region size 1024K, 47 young (48128K), 4 survivors (4096K)
 Metaspace       used 73327K, committed 75200K, reserved 1114112K
  class space    used 9947K, committed 10880K, reserved 1048576K
}
Event: 7.590 GC heap after
{Heap after GC invocations=23 (full 0):
 garbage-first heap   total 152576K, used 91757K [0x0000000080000000, 0x0000000100000000)
  region size 1024K, 4 young (4096K), 4 survivors (4096K)
 Metaspace       used 73327K, committed 75200K, reserved 1114112K
  class space    used 9947K, committed 10880K, reserved 1048576K
}
Event: 8.020 GC heap before
{Heap before GC invocations=23 (full 0):
 garbage-first heap   total 152576K, used 151149K [0x0000000080000000, 0x0000000100000000)
  region size 1024K, 49 young (50176K), 4 survivors (4096K)
 Metaspace       used 75047K, committed 76928K, reserved 1179648K
  class space    used 10154K, committed 11072K, reserved 1048576K
}
Event: 8.026 GC heap after
{Heap after GC invocations=24 (full 0):
 garbage-first heap   total 165888K, used 111478K [0x0000000080000000, 0x0000000100000000)
  region size 1024K, 7 young (7168K), 7 survivors (7168K)
 Metaspace       used 75047K, committed 76928K, reserved 1179648K
  class space    used 10154K, committed 11072K, reserved 1048576K
}
Event: 8.367 GC heap before
{Heap before GC invocations=24 (full 0):
 garbage-first heap   total 165888K, used 148342K [0x0000000080000000, 0x0000000100000000)
  region size 1024K, 44 young (45056K), 7 survivors (7168K)
 Metaspace       used 78634K, committed 80576K, reserved 1179648K
  class space    used 10558K, committed 11520K, reserved 1048576K
}
Event: 8.370 GC heap after
{Heap after GC invocations=25 (full 0):
 garbage-first heap   total 199680K, used 112881K [0x0000000080000000, 0x0000000100000000)
  region size 1024K, 2 young (2048K), 2 survivors (2048K)
 Metaspace       used 78634K, committed 80576K, reserved 1179648K
  class space    used 10558K, committed 11520K, reserved 1048576K
}
Event: 8.946 GC heap before
{Heap before GC invocations=26 (full 0):
 garbage-first heap   total 199680K, used 184561K [0x0000000080000000, 0x0000000100000000)
  region size 1024K, 68 young (69632K), 2 survivors (2048K)
 Metaspace       used 84602K, committed 86656K, reserved 1179648K
  class space    used 11396K, committed 12416K, reserved 1048576K
}
Event: 8.950 GC heap after
{Heap after GC invocations=27 (full 0):
 garbage-first heap   total 199680K, used 119463K [0x0000000080000000, 0x0000000100000000)
  region size 1024K, 7 young (7168K), 7 survivors (7168K)
 Metaspace       used 84602K, committed 86656K, reserved 1179648K
  class space    used 11396K, committed 12416K, reserved 1048576K
}
Event: 9.608 GC heap before
{Heap before GC invocations=27 (full 0):
 garbage-first heap   total 199680K, used 180903K [0x0000000080000000, 0x0000000100000000)
  region size 1024K, 67 young (68608K), 7 survivors (7168K)
 Metaspace       used 90345K, committed 92416K, reserved 1179648K
  class space    used 12134K, committed 13184K, reserved 1048576K
}
Event: 9.615 GC heap after
{Heap after GC invocations=28 (full 0):
 garbage-first heap   total 199680K, used 121670K [0x0000000080000000, 0x0000000100000000)
  region size 1024K, 4 young (4096K), 4 survivors (4096K)
 Metaspace       used 90345K, committed 92416K, reserved 1179648K
  class space    used 12134K, committed 13184K, reserved 1048576K
}
Event: 9.938 GC heap before
{Heap before GC invocations=28 (full 0):
 garbage-first heap   total 199680K, used 162630K [0x0000000080000000, 0x0000000100000000)
  region size 1024K, 45 young (46080K), 4 survivors (4096K)
 Metaspace       used 93440K, committed 95552K, reserved 1179648K
  class space    used 12540K, committed 13632K, reserved 1048576K
}
Event: 9.941 GC heap after
{Heap after GC invocations=29 (full 0):
 garbage-first heap   total 199680K, used 123015K [0x0000000080000000, 0x0000000100000000)
  region size 1024K, 5 young (5120K), 5 survivors (5120K)
 Metaspace       used 93440K, committed 95552K, reserved 1179648K
  class space    used 12540K, committed 13632K, reserved 1048576K
}
Event: 10.440 GC heap before
{Heap before GC invocations=30 (full 0):
 garbage-first heap   total 211968K, used 185479K [0x0000000080000000, 0x0000000100000000)
  region size 1024K, 63 young (64512K), 5 survivors (5120K)
 Metaspace       used 96070K, committed 98240K, reserved 1179648K
  class space    used 12919K, committed 14016K, reserved 1048576K
}
Event: 10.445 GC heap after
{Heap after GC invocations=31 (full 0):
 garbage-first heap   total 211968K, used 132219K [0x0000000080000000, 0x0000000100000000)
  region size 1024K, 8 young (8192K), 8 survivors (8192K)
 Metaspace       used 96070K, committed 98240K, reserved 1179648K
  class space    used 12919K, committed 14016K, reserved 1048576K
}
Event: 10.970 GC heap before
{Heap before GC invocations=31 (full 0):
 garbage-first heap   total 211968K, used 192635K [0x0000000080000000, 0x0000000100000000)
  region size 1024K, 66 young (67584K), 8 survivors (8192K)
 Metaspace       used 100448K, committed 102656K, reserved 1179648K
  class space    used 13657K, committed 14784K, reserved 1048576K
}
Event: 10.976 GC heap after
{Heap after GC invocations=32 (full 0):
 garbage-first heap   total 211968K, used 133491K [0x0000000080000000, 0x0000000100000000)
  region size 1024K, 3 young (3072K), 3 survivors (3072K)
 Metaspace       used 100448K, committed 102656K, reserved 1179648K
  class space    used 13657K, committed 14784K, reserved 1048576K
}

