# JRE version: OpenJDK Runtime Environment (21.0.5) (build 21.0.5+-13047016-b750.29)
# Java VM: OpenJDK 64-Bit Server VM (21.0.5+-13047016-b750.29, mixed mode, tiered, compressed oops, compressed class ptrs, g1 gc, windows-amd64)
GC Precious Log:
 CardTable entry size: 512
 Card Set container configuration: InlinePtr #cards 5 size 8 Array Of Cards #cards 12 size 40 Howl #buckets 4 coarsen threshold 1843 Howl Bitmap #cards 512 size 80 coarsen threshold 460 Card regions per heap region 1 cards per card region 2048
 CPUs: 8 total, 8 available
 Memory: 7883M
 Large Page Support: Disabled
 NUMA Support: Disabled
 Compressed Oops: Enabled (32-bit)
 Heap Region Size: 1M
 Heap Min Capacity: 8M
 Heap Initial Capacity: 124M
 Heap Max Capacity: 2G
 Pre-touch: Disabled
 Parallel Workers: 8
 Concurrent Workers: 2
 Concurrent Refinement Workers: 8
 Periodic GC: Disabled
Heap:
 garbage-first heap   total 370688K, used 283989K [0x0000000080000000, 0x0000000100000000)
  region size 1024K, 75 young (76800K), 12 survivors (12288K)
 Metaspace       used 200926K, committed 203776K, reserved 1245184K
  class space    used 25826K, committed 27264K, reserved 1048576K
GC Heap History (20 events):
Event: 105.899 GC heap before
{Heap before GC invocations=96 (full 0):
 garbage-first heap   total 316416K, used 284356K [0x0000000080000000, 0x0000000100000000)
  region size 1024K, 103 young (105472K), 4 survivors (4096K)
 Metaspace       used 194755K, committed 197568K, reserved 1245184K
  class space    used 24963K, committed 26368K, reserved 1048576K
}
Event: 106.113 GC heap after
{Heap after GC invocations=97 (full 0):
 garbage-first heap   total 316416K, used 187082K [0x0000000080000000, 0x0000000100000000)
  region size 1024K, 9 young (9216K), 9 survivors (9216K)
 Metaspace       used 194755K, committed 197568K, reserved 1245184K
  class space    used 24963K, committed 26368K, reserved 1048576K
}
Event: 107.610 GC heap before
{Heap before GC invocations=97 (full 0):
 garbage-first heap   total 316416K, used 288458K [0x0000000080000000, 0x0000000100000000)
  region size 1024K, 109 young (111616K), 9 survivors (9216K)
 Metaspace       used 194796K, committed 197568K, reserved 1245184K
  class space    used 24970K, committed 26368K, reserved 1048576K
}
Event: 107.630 GC heap after
{Heap after GC invocations=98 (full 0):
 garbage-first heap   total 316416K, used 187832K [0x0000000080000000, 0x0000000100000000)
  region size 1024K, 7 young (7168K), 7 survivors (7168K)
 Metaspace       used 194796K, committed 197568K, reserved 1245184K
  class space    used 24970K, committed 26368K, reserved 1048576K
}
Event: 107.887 GC heap before
{Heap before GC invocations=98 (full 0):
 garbage-first heap   total 316416K, used 291256K [0x0000000080000000, 0x0000000100000000)
  region size 1024K, 109 young (111616K), 7 survivors (7168K)
 Metaspace       used 194810K, committed 197568K, reserved 1245184K
  class space    used 24970K, committed 26368K, reserved 1048576K
}
Event: 107.897 GC heap after
{Heap after GC invocations=99 (full 0):
 garbage-first heap   total 316416K, used 188521K [0x0000000080000000, 0x0000000100000000)
  region size 1024K, 8 young (8192K), 8 survivors (8192K)
 Metaspace       used 194810K, committed 197568K, reserved 1245184K
  class space    used 24970K, committed 26368K, reserved 1048576K
}
Event: 108.362 GC heap before
{Heap before GC invocations=100 (full 0):
 garbage-first heap   total 316416K, used 281705K [0x0000000080000000, 0x0000000100000000)
  region size 1024K, 109 young (111616K), 8 survivors (8192K)
 Metaspace       used 194813K, committed 197568K, reserved 1245184K
  class space    used 24970K, committed 26368K, reserved 1048576K
}
Event: 108.368 GC heap after
{Heap after GC invocations=101 (full 0):
 garbage-first heap   total 316416K, used 180946K [0x0000000080000000, 0x0000000100000000)
  region size 1024K, 8 young (8192K), 8 survivors (8192K)
 Metaspace       used 194813K, committed 197568K, reserved 1245184K
  class space    used 24970K, committed 26368K, reserved 1048576K
}
Event: 108.877 GC heap before
{Heap before GC invocations=101 (full 0):
 garbage-first heap   total 316416K, used 290514K [0x0000000080000000, 0x0000000100000000)
  region size 1024K, 116 young (118784K), 8 survivors (8192K)
 Metaspace       used 194849K, committed 197632K, reserved 1245184K
  class space    used 24971K, committed 26368K, reserved 1048576K
}
Event: 108.885 GC heap after
{Heap after GC invocations=102 (full 0):
 garbage-first heap   total 316416K, used 172255K [0x0000000080000000, 0x0000000100000000)
  region size 1024K, 7 young (7168K), 7 survivors (7168K)
 Metaspace       used 194849K, committed 197632K, reserved 1245184K
  class space    used 24971K, committed 26368K, reserved 1048576K
}
Event: 109.563 GC heap before
{Heap before GC invocations=102 (full 0):
 garbage-first heap   total 316416K, used 292063K [0x0000000080000000, 0x0000000100000000)
  region size 1024K, 126 young (129024K), 7 survivors (7168K)
 Metaspace       used 194861K, committed 197696K, reserved 1245184K
  class space    used 24972K, committed 26432K, reserved 1048576K
}
Event: 109.629 GC heap after
{Heap after GC invocations=103 (full 0):
 garbage-first heap   total 316416K, used 173447K [0x0000000080000000, 0x0000000100000000)
  region size 1024K, 9 young (9216K), 9 survivors (9216K)
 Metaspace       used 194861K, committed 197696K, reserved 1245184K
  class space    used 24972K, committed 26432K, reserved 1048576K
}
Event: 111.181 GC heap before
{Heap before GC invocations=104 (full 0):
 garbage-first heap   total 316416K, used 288135K [0x0000000080000000, 0x0000000100000000)
  region size 1024K, 122 young (124928K), 9 survivors (9216K)
 Metaspace       used 194960K, committed 197760K, reserved 1245184K
  class space    used 24983K, committed 26432K, reserved 1048576K
}
Event: 111.189 GC heap after
{Heap after GC invocations=105 (full 0):
 garbage-first heap   total 316416K, used 172094K [0x0000000080000000, 0x0000000100000000)
  region size 1024K, 7 young (7168K), 7 survivors (7168K)
 Metaspace       used 194960K, committed 197760K, reserved 1245184K
  class space    used 24983K, committed 26432K, reserved 1048576K
}
Event: 114.386 GC heap before
{Heap before GC invocations=105 (full 0):
 garbage-first heap   total 316416K, used 290878K [0x0000000080000000, 0x0000000100000000)
  region size 1024K, 124 young (126976K), 7 survivors (7168K)
 Metaspace       used 196112K, committed 198912K, reserved 1245184K
  class space    used 25137K, committed 26560K, reserved 1048576K
}
Event: 114.437 GC heap after
{Heap after GC invocations=106 (full 0):
 garbage-first heap   total 321536K, used 187843K [0x0000000080000000, 0x0000000100000000)
  region size 1024K, 16 young (16384K), 16 survivors (16384K)
 Metaspace       used 196112K, committed 198912K, reserved 1245184K
  class space    used 25137K, committed 26560K, reserved 1048576K
}
Event: 117.985 GC heap before
{Heap before GC invocations=106 (full 0):
 garbage-first heap   total 321536K, used 286147K [0x0000000080000000, 0x0000000100000000)
  region size 1024K, 113 young (115712K), 16 survivors (16384K)
 Metaspace       used 199915K, committed 202816K, reserved 1245184K
  class space    used 25679K, committed 27136K, reserved 1048576K
}
Event: 118.041 GC heap after
{Heap after GC invocations=107 (full 0):
 garbage-first heap   total 321536K, used 205481K [0x0000000080000000, 0x0000000100000000)
  region size 1024K, 15 young (15360K), 15 survivors (15360K)
 Metaspace       used 199915K, committed 202816K, reserved 1245184K
  class space    used 25679K, committed 27136K, reserved 1048576K
}
Event: 118.705 GC heap before
{Heap before GC invocations=107 (full 0):
 garbage-first heap   total 321536K, used 287401K [0x0000000080000000, 0x0000000100000000)
  region size 1024K, 96 young (98304K), 15 survivors (15360K)
 Metaspace       used 200473K, committed 203328K, reserved 1245184K
  class space    used 25744K, committed 27200K, reserved 1048576K
}
Event: 118.775 GC heap after
{Heap after GC invocations=108 (full 0):
 garbage-first heap   total 321536K, used 221525K [0x0000000080000000, 0x0000000100000000)
  region size 1024K, 12 young (12288K), 12 survivors (12288K)
 Metaspace       used 200473K, committed 203328K, reserved 1245184K
  class space    used 25744K, committed 27200K, reserved 1048576K
}

